<?xml version="1.0" encoding="UTF-8"?>
<!-- Generated by org.testng.reporters.JUnitXMLReporter -->
<testsuite ignored="0" hostname="SRINIVAS" failures="0" tests="3" name="Default test" time="0.049" errors="0" timestamp="2024-10-26T14:30:35 IST">
  <testcase classname="com.selenium.utils.DataProviderDemo" name="testMethod" time="0.006"/>
  <testcase classname="com.selenium.utils.DataProviderDemo" name="testMethod" time="0.001"/>
  <testcase classname="com.selenium.utils.DataProviderDemo" name="testMethod" time="0.001"/>
</testsuite> <!-- Default test -->
