<?xml version="1.0" encoding="UTF-8"?>
<testng-results ignored="0" total="3" passed="3" failed="0" skipped="0">
  <reporter-output>
  </reporter-output>
  <suite started-at="2024-10-26T14:30:35 IST" name="Default suite" finished-at="2024-10-26T14:30:35 IST" duration-ms="49">
    <groups>
    </groups>
    <test started-at="2024-10-26T14:30:35 IST" name="Default test" finished-at="2024-10-26T14:30:35 IST" duration-ms="49">
      <class name="com.selenium.utils.DataProviderDemo">
        <test-method signature="testMethod(java.lang.Object)[pri:0, instance:com.selenium.utils.DataProviderDemo@4b013c76]" started-at="2024-10-26T14:30:35 IST" name="testMethod" data-provider="testData" finished-at="2024-10-26T14:30:35 IST" duration-ms="6" status="PASS">
          <params>
            <param index="0">
              <value>
                <![CDATA[Ram]]>
              </value>
            </param>
          </params>
          <reporter-output>
          </reporter-output>
        </test-method> <!-- testMethod -->
        <test-method signature="testMethod(java.lang.Object)[pri:0, instance:com.selenium.utils.DataProviderDemo@4b013c76]" started-at="2024-10-26T14:30:35 IST" name="testMethod" data-provider="testData" finished-at="2024-10-26T14:30:35 IST" duration-ms="1" status="PASS">
          <params>
            <param index="0">
              <value>
                <![CDATA[Sita]]>
              </value>
            </param>
          </params>
          <reporter-output>
          </reporter-output>
        </test-method> <!-- testMethod -->
        <test-method signature="testMethod(java.lang.Object)[pri:0, instance:com.selenium.utils.DataProviderDemo@4b013c76]" started-at="2024-10-26T14:30:35 IST" name="testMethod" data-provider="testData" finished-at="2024-10-26T14:30:35 IST" duration-ms="1" status="PASS">
          <params>
            <param index="0">
              <value>
                <![CDATA[Lakshman]]>
              </value>
            </param>
          </params>
          <reporter-output>
          </reporter-output>
        </test-method> <!-- testMethod -->
      </class> <!-- com.selenium.utils.DataProviderDemo -->
    </test> <!-- Default test -->
  </suite> <!-- Default suite -->
</testng-results>
